<?xml version="1.0" encoding="UTF-8"?>
<!-- Generated by org.testng.reporters.JUnitReportReporter -->
<testsuite hostname="PACLAP-078" failures="0" tests="1" name="Paccore.pageobjects.BaseTests" time="10.340" errors="0" timestamp="2024-07-30T21:35:51 IST" skipped="0">
  <testcase classname="Paccore.pageobjects.BaseTests" name="signin" time="10.340"/>
</testsuite> <!-- Paccore.pageobjects.BaseTests -->
