<?xml version="1.0" encoding="UTF-8"?>
<!-- Generated by org.testng.reporters.JUnitReportReporter -->
<testsuite hostname="PACLAP-078" failures="0" tests="2" name="Paccore.tests.ErrorValidationsTest" time="24.731" errors="0" timestamp="2024-07-16T16:09:08 IST" skipped="0">
  <testcase classname="Paccore.tests.ErrorValidationsTest" name="signin" time="16.526"/>
  <testcase classname="Paccore.tests.ErrorValidationsTest" name="error" time="8.205"/>
</testsuite> <!-- Paccore.tests.ErrorValidationsTest -->
