<?xml version="1.0" encoding="UTF-8"?>
<!-- Generated by org.testng.reporters.JUnitReportReporter -->
<testsuite hostname="PACLAP-078" failures="0" tests="1" name="Paccore.data.ExcelDataDriven" time="1.076" errors="0" timestamp="2024-08-12T17:28:08 IST" skipped="0">
  <testcase classname="Paccore.data.ExcelDataDriven" name="getData" time="1.076"/>
</testsuite> <!-- Paccore.data.ExcelDataDriven -->
