<?xml version="1.0" encoding="UTF-8"?>
<!-- Generated by org.testng.reporters.JUnitReportReporter -->
<testsuite hostname="PACLAP-078" failures="0" tests="1" name="Paccore.tests.LogInTest" time="15.696" errors="0" timestamp="2024-07-16T16:09:08 IST" skipped="0">
  <testcase classname="Paccore.tests.LogInTest" name="signin" time="15.696"/>
</testsuite> <!-- Paccore.tests.LogInTest -->
