<?xml version="1.0" encoding="UTF-8"?>
<!-- Generated by org.testng.reporters.JUnitReportReporter -->
<testsuite hostname="PACLAP-078" failures="0" tests="4" name="Paccore.tests.DashboardFunctionalityTest" time="16.072" errors="0" timestamp="2024-08-13T11:58:09 IST" skipped="0">
  <testcase classname="Paccore.tests.DashboardFunctionalityTest" name="verifytheMyProfileDropdownNavigations" time="0.132"/>
  <testcase classname="Paccore.tests.DashboardFunctionalityTest" name="verifytheInvestmentAnalysisDropdowndNavigations" time="5.333"/>
  <testcase classname="Paccore.tests.DashboardFunctionalityTest" name="verifytheMyReportsDropdownNavigations" time="1.896"/>
  <testcase classname="Paccore.tests.DashboardFunctionalityTest" name="signin" time="8.711"/>
</testsuite> <!-- Paccore.tests.DashboardFunctionalityTest -->
