<?xml version="1.0" encoding="UTF-8"?>
<!-- Generated by org.testng.reporters.JUnitReportReporter -->
<testsuite hostname="PACLAP-078" failures="0" tests="3" name="Paccore.tests.LogOutTest" time="28.700" errors="0" timestamp="2024-07-22T19:19:10 GMT+05:30" skipped="0">
  <testcase classname="Paccore.tests.LogOutTest" name="signin" time="15.759"/>
  <testcase classname="Paccore.tests.LogOutTest" name="dashboard" time="11.648"/>
  <testcase classname="Paccore.tests.LogOutTest" name="logout" time="1.293"/>
</testsuite> <!-- Paccore.tests.LogOutTest -->
